Created by PLY version 3.11 (http://www.dabeaz.com/ply)

Grammar

Rule 0     S' -> expressions
Rule 1     expressions -> expression expressions
Rule 2     expressions -> expression
Rule 3     expressions -> empty
Rule 4     expression -> CALCULATE LEFTBRA expression RIGHTBRA FIN
Rule 5     expression -> expression MULTIPLY expression
Rule 6     expression -> expression DIVIDE expression
Rule 7     expression -> expression PLUS expression
Rule 8     expression -> expression MINUS expression
Rule 9     expression -> FACTORIAL expression
Rule 10    expression -> SQRT LEFTPAR expression RIGHTPAR
Rule 11    expression -> SEN LEFTPAR expression RIGHTPAR
Rule 12    expression -> COS LEFTPAR expression RIGHTPAR
Rule 13    expression -> AREA LEFTPAR expression COMA expression RIGHTPAR
Rule 14    expression -> RADTODEG LEFTPAR expression RIGHTPAR
Rule 15    expression -> INT
Rule 16    expression -> FLOAT
Rule 17    expression -> MINUS expression
Rule 18    expression -> LEFTPAR expression RIGHTPAR
Rule 19    empty -> <empty>

Terminals, with rules where they appear

AREA                 : 13
CALCULATE            : 4
COMA                 : 13
COS                  : 12
DIVIDE               : 6
FACTORIAL            : 9
FIN                  : 4
FLOAT                : 16
INT                  : 15
LEFTBRA              : 4
LEFTPAR              : 10 11 12 13 14 18
MINUS                : 8 17
MULTIPLY             : 5
PLUS                 : 7
RADTODEG             : 14
RIGHTBRA             : 4
RIGHTPAR             : 10 11 12 13 14 18
SEN                  : 11
SQRT                 : 10
error                : 

Nonterminals, with rules where they appear

empty                : 3
expression           : 1 2 4 5 5 6 6 7 7 8 8 9 10 11 12 13 13 14 17 18
expressions          : 1 0

Parsing method: LALR

state 0

    (0) S' -> . expressions
    (1) expressions -> . expression expressions
    (2) expressions -> . expression
    (3) expressions -> . empty
    (4) expression -> . CALCULATE LEFTBRA expression RIGHTBRA FIN
    (5) expression -> . expression MULTIPLY expression
    (6) expression -> . expression DIVIDE expression
    (7) expression -> . expression PLUS expression
    (8) expression -> . expression MINUS expression
    (9) expression -> . FACTORIAL expression
    (10) expression -> . SQRT LEFTPAR expression RIGHTPAR
    (11) expression -> . SEN LEFTPAR expression RIGHTPAR
    (12) expression -> . COS LEFTPAR expression RIGHTPAR
    (13) expression -> . AREA LEFTPAR expression COMA expression RIGHTPAR
    (14) expression -> . RADTODEG LEFTPAR expression RIGHTPAR
    (15) expression -> . INT
    (16) expression -> . FLOAT
    (17) expression -> . MINUS expression
    (18) expression -> . LEFTPAR expression RIGHTPAR
    (19) empty -> .

    CALCULATE       shift and go to state 4
    FACTORIAL       shift and go to state 6
    SQRT            shift and go to state 7
    SEN             shift and go to state 9
    COS             shift and go to state 10
    AREA            shift and go to state 11
    RADTODEG        shift and go to state 12
    INT             shift and go to state 13
    FLOAT           shift and go to state 14
    MINUS           shift and go to state 5
    LEFTPAR         shift and go to state 8
    $end            reduce using rule 19 (empty -> .)

    expressions                    shift and go to state 1
    expression                     shift and go to state 2
    empty                          shift and go to state 3

state 1

    (0) S' -> expressions .



state 2

    (1) expressions -> expression . expressions
    (2) expressions -> expression .
    (5) expression -> expression . MULTIPLY expression
    (6) expression -> expression . DIVIDE expression
    (7) expression -> expression . PLUS expression
    (8) expression -> expression . MINUS expression
    (1) expressions -> . expression expressions
    (2) expressions -> . expression
    (3) expressions -> . empty
    (4) expression -> . CALCULATE LEFTBRA expression RIGHTBRA FIN
    (5) expression -> . expression MULTIPLY expression
    (6) expression -> . expression DIVIDE expression
    (7) expression -> . expression PLUS expression
    (8) expression -> . expression MINUS expression
    (9) expression -> . FACTORIAL expression
    (10) expression -> . SQRT LEFTPAR expression RIGHTPAR
    (11) expression -> . SEN LEFTPAR expression RIGHTPAR
    (12) expression -> . COS LEFTPAR expression RIGHTPAR
    (13) expression -> . AREA LEFTPAR expression COMA expression RIGHTPAR
    (14) expression -> . RADTODEG LEFTPAR expression RIGHTPAR
    (15) expression -> . INT
    (16) expression -> . FLOAT
    (17) expression -> . MINUS expression
    (18) expression -> . LEFTPAR expression RIGHTPAR
    (19) empty -> .

  ! reduce/reduce conflict for $end resolved using rule 2 (expressions -> expression .)
    $end            reduce using rule 2 (expressions -> expression .)
    MULTIPLY        shift and go to state 16
    DIVIDE          shift and go to state 17
    PLUS            shift and go to state 18
    MINUS           shift and go to state 19
    CALCULATE       shift and go to state 4
    FACTORIAL       shift and go to state 6
    SQRT            shift and go to state 7
    SEN             shift and go to state 9
    COS             shift and go to state 10
    AREA            shift and go to state 11
    RADTODEG        shift and go to state 12
    INT             shift and go to state 13
    FLOAT           shift and go to state 14
    LEFTPAR         shift and go to state 8

  ! $end            [ reduce using rule 19 (empty -> .) ]

    expression                     shift and go to state 2
    expressions                    shift and go to state 15
    empty                          shift and go to state 3

state 3

    (3) expressions -> empty .

    $end            reduce using rule 3 (expressions -> empty .)


state 4

    (4) expression -> CALCULATE . LEFTBRA expression RIGHTBRA FIN

    LEFTBRA         shift and go to state 20


state 5

    (17) expression -> MINUS . expression
    (4) expression -> . CALCULATE LEFTBRA expression RIGHTBRA FIN
    (5) expression -> . expression MULTIPLY expression
    (6) expression -> . expression DIVIDE expression
    (7) expression -> . expression PLUS expression
    (8) expression -> . expression MINUS expression
    (9) expression -> . FACTORIAL expression
    (10) expression -> . SQRT LEFTPAR expression RIGHTPAR
    (11) expression -> . SEN LEFTPAR expression RIGHTPAR
    (12) expression -> . COS LEFTPAR expression RIGHTPAR
    (13) expression -> . AREA LEFTPAR expression COMA expression RIGHTPAR
    (14) expression -> . RADTODEG LEFTPAR expression RIGHTPAR
    (15) expression -> . INT
    (16) expression -> . FLOAT
    (17) expression -> . MINUS expression
    (18) expression -> . LEFTPAR expression RIGHTPAR

    CALCULATE       shift and go to state 4
    FACTORIAL       shift and go to state 6
    SQRT            shift and go to state 7
    SEN             shift and go to state 9
    COS             shift and go to state 10
    AREA            shift and go to state 11
    RADTODEG        shift and go to state 12
    INT             shift and go to state 13
    FLOAT           shift and go to state 14
    MINUS           shift and go to state 5
    LEFTPAR         shift and go to state 8

    expression                     shift and go to state 21

state 6

    (9) expression -> FACTORIAL . expression
    (4) expression -> . CALCULATE LEFTBRA expression RIGHTBRA FIN
    (5) expression -> . expression MULTIPLY expression
    (6) expression -> . expression DIVIDE expression
    (7) expression -> . expression PLUS expression
    (8) expression -> . expression MINUS expression
    (9) expression -> . FACTORIAL expression
    (10) expression -> . SQRT LEFTPAR expression RIGHTPAR
    (11) expression -> . SEN LEFTPAR expression RIGHTPAR
    (12) expression -> . COS LEFTPAR expression RIGHTPAR
    (13) expression -> . AREA LEFTPAR expression COMA expression RIGHTPAR
    (14) expression -> . RADTODEG LEFTPAR expression RIGHTPAR
    (15) expression -> . INT
    (16) expression -> . FLOAT
    (17) expression -> . MINUS expression
    (18) expression -> . LEFTPAR expression RIGHTPAR

    CALCULATE       shift and go to state 4
    FACTORIAL       shift and go to state 6
    SQRT            shift and go to state 7
    SEN             shift and go to state 9
    COS             shift and go to state 10
    AREA            shift and go to state 11
    RADTODEG        shift and go to state 12
    INT             shift and go to state 13
    FLOAT           shift and go to state 14
    MINUS           shift and go to state 5
    LEFTPAR         shift and go to state 8

    expression                     shift and go to state 22

state 7

    (10) expression -> SQRT . LEFTPAR expression RIGHTPAR

    LEFTPAR         shift and go to state 23


state 8

    (18) expression -> LEFTPAR . expression RIGHTPAR
    (4) expression -> . CALCULATE LEFTBRA expression RIGHTBRA FIN
    (5) expression -> . expression MULTIPLY expression
    (6) expression -> . expression DIVIDE expression
    (7) expression -> . expression PLUS expression
    (8) expression -> . expression MINUS expression
    (9) expression -> . FACTORIAL expression
    (10) expression -> . SQRT LEFTPAR expression RIGHTPAR
    (11) expression -> . SEN LEFTPAR expression RIGHTPAR
    (12) expression -> . COS LEFTPAR expression RIGHTPAR
    (13) expression -> . AREA LEFTPAR expression COMA expression RIGHTPAR
    (14) expression -> . RADTODEG LEFTPAR expression RIGHTPAR
    (15) expression -> . INT
    (16) expression -> . FLOAT
    (17) expression -> . MINUS expression
    (18) expression -> . LEFTPAR expression RIGHTPAR

    CALCULATE       shift and go to state 4
    FACTORIAL       shift and go to state 6
    SQRT            shift and go to state 7
    SEN             shift and go to state 9
    COS             shift and go to state 10
    AREA            shift and go to state 11
    RADTODEG        shift and go to state 12
    INT             shift and go to state 13
    FLOAT           shift and go to state 14
    MINUS           shift and go to state 5
    LEFTPAR         shift and go to state 8

    expression                     shift and go to state 24

state 9

    (11) expression -> SEN . LEFTPAR expression RIGHTPAR

    LEFTPAR         shift and go to state 25


state 10

    (12) expression -> COS . LEFTPAR expression RIGHTPAR

    LEFTPAR         shift and go to state 26


state 11

    (13) expression -> AREA . LEFTPAR expression COMA expression RIGHTPAR

    LEFTPAR         shift and go to state 27


state 12

    (14) expression -> RADTODEG . LEFTPAR expression RIGHTPAR

    LEFTPAR         shift and go to state 28


state 13

    (15) expression -> INT .

    MULTIPLY        reduce using rule 15 (expression -> INT .)
    DIVIDE          reduce using rule 15 (expression -> INT .)
    PLUS            reduce using rule 15 (expression -> INT .)
    MINUS           reduce using rule 15 (expression -> INT .)
    CALCULATE       reduce using rule 15 (expression -> INT .)
    FACTORIAL       reduce using rule 15 (expression -> INT .)
    SQRT            reduce using rule 15 (expression -> INT .)
    SEN             reduce using rule 15 (expression -> INT .)
    COS             reduce using rule 15 (expression -> INT .)
    AREA            reduce using rule 15 (expression -> INT .)
    RADTODEG        reduce using rule 15 (expression -> INT .)
    INT             reduce using rule 15 (expression -> INT .)
    FLOAT           reduce using rule 15 (expression -> INT .)
    LEFTPAR         reduce using rule 15 (expression -> INT .)
    $end            reduce using rule 15 (expression -> INT .)
    RIGHTPAR        reduce using rule 15 (expression -> INT .)
    RIGHTBRA        reduce using rule 15 (expression -> INT .)
    COMA            reduce using rule 15 (expression -> INT .)


state 14

    (16) expression -> FLOAT .

    MULTIPLY        reduce using rule 16 (expression -> FLOAT .)
    DIVIDE          reduce using rule 16 (expression -> FLOAT .)
    PLUS            reduce using rule 16 (expression -> FLOAT .)
    MINUS           reduce using rule 16 (expression -> FLOAT .)
    CALCULATE       reduce using rule 16 (expression -> FLOAT .)
    FACTORIAL       reduce using rule 16 (expression -> FLOAT .)
    SQRT            reduce using rule 16 (expression -> FLOAT .)
    SEN             reduce using rule 16 (expression -> FLOAT .)
    COS             reduce using rule 16 (expression -> FLOAT .)
    AREA            reduce using rule 16 (expression -> FLOAT .)
    RADTODEG        reduce using rule 16 (expression -> FLOAT .)
    INT             reduce using rule 16 (expression -> FLOAT .)
    FLOAT           reduce using rule 16 (expression -> FLOAT .)
    LEFTPAR         reduce using rule 16 (expression -> FLOAT .)
    $end            reduce using rule 16 (expression -> FLOAT .)
    RIGHTPAR        reduce using rule 16 (expression -> FLOAT .)
    RIGHTBRA        reduce using rule 16 (expression -> FLOAT .)
    COMA            reduce using rule 16 (expression -> FLOAT .)


state 15

    (1) expressions -> expression expressions .

    $end            reduce using rule 1 (expressions -> expression expressions .)


state 16

    (5) expression -> expression MULTIPLY . expression
    (4) expression -> . CALCULATE LEFTBRA expression RIGHTBRA FIN
    (5) expression -> . expression MULTIPLY expression
    (6) expression -> . expression DIVIDE expression
    (7) expression -> . expression PLUS expression
    (8) expression -> . expression MINUS expression
    (9) expression -> . FACTORIAL expression
    (10) expression -> . SQRT LEFTPAR expression RIGHTPAR
    (11) expression -> . SEN LEFTPAR expression RIGHTPAR
    (12) expression -> . COS LEFTPAR expression RIGHTPAR
    (13) expression -> . AREA LEFTPAR expression COMA expression RIGHTPAR
    (14) expression -> . RADTODEG LEFTPAR expression RIGHTPAR
    (15) expression -> . INT
    (16) expression -> . FLOAT
    (17) expression -> . MINUS expression
    (18) expression -> . LEFTPAR expression RIGHTPAR

    CALCULATE       shift and go to state 4
    FACTORIAL       shift and go to state 6
    SQRT            shift and go to state 7
    SEN             shift and go to state 9
    COS             shift and go to state 10
    AREA            shift and go to state 11
    RADTODEG        shift and go to state 12
    INT             shift and go to state 13
    FLOAT           shift and go to state 14
    MINUS           shift and go to state 5
    LEFTPAR         shift and go to state 8

    expression                     shift and go to state 29

state 17

    (6) expression -> expression DIVIDE . expression
    (4) expression -> . CALCULATE LEFTBRA expression RIGHTBRA FIN
    (5) expression -> . expression MULTIPLY expression
    (6) expression -> . expression DIVIDE expression
    (7) expression -> . expression PLUS expression
    (8) expression -> . expression MINUS expression
    (9) expression -> . FACTORIAL expression
    (10) expression -> . SQRT LEFTPAR expression RIGHTPAR
    (11) expression -> . SEN LEFTPAR expression RIGHTPAR
    (12) expression -> . COS LEFTPAR expression RIGHTPAR
    (13) expression -> . AREA LEFTPAR expression COMA expression RIGHTPAR
    (14) expression -> . RADTODEG LEFTPAR expression RIGHTPAR
    (15) expression -> . INT
    (16) expression -> . FLOAT
    (17) expression -> . MINUS expression
    (18) expression -> . LEFTPAR expression RIGHTPAR

    CALCULATE       shift and go to state 4
    FACTORIAL       shift and go to state 6
    SQRT            shift and go to state 7
    SEN             shift and go to state 9
    COS             shift and go to state 10
    AREA            shift and go to state 11
    RADTODEG        shift and go to state 12
    INT             shift and go to state 13
    FLOAT           shift and go to state 14
    MINUS           shift and go to state 5
    LEFTPAR         shift and go to state 8

    expression                     shift and go to state 30

state 18

    (7) expression -> expression PLUS . expression
    (4) expression -> . CALCULATE LEFTBRA expression RIGHTBRA FIN
    (5) expression -> . expression MULTIPLY expression
    (6) expression -> . expression DIVIDE expression
    (7) expression -> . expression PLUS expression
    (8) expression -> . expression MINUS expression
    (9) expression -> . FACTORIAL expression
    (10) expression -> . SQRT LEFTPAR expression RIGHTPAR
    (11) expression -> . SEN LEFTPAR expression RIGHTPAR
    (12) expression -> . COS LEFTPAR expression RIGHTPAR
    (13) expression -> . AREA LEFTPAR expression COMA expression RIGHTPAR
    (14) expression -> . RADTODEG LEFTPAR expression RIGHTPAR
    (15) expression -> . INT
    (16) expression -> . FLOAT
    (17) expression -> . MINUS expression
    (18) expression -> . LEFTPAR expression RIGHTPAR

    CALCULATE       shift and go to state 4
    FACTORIAL       shift and go to state 6
    SQRT            shift and go to state 7
    SEN             shift and go to state 9
    COS             shift and go to state 10
    AREA            shift and go to state 11
    RADTODEG        shift and go to state 12
    INT             shift and go to state 13
    FLOAT           shift and go to state 14
    MINUS           shift and go to state 5
    LEFTPAR         shift and go to state 8

    expression                     shift and go to state 31

state 19

    (8) expression -> expression MINUS . expression
    (17) expression -> MINUS . expression
    (4) expression -> . CALCULATE LEFTBRA expression RIGHTBRA FIN
    (5) expression -> . expression MULTIPLY expression
    (6) expression -> . expression DIVIDE expression
    (7) expression -> . expression PLUS expression
    (8) expression -> . expression MINUS expression
    (9) expression -> . FACTORIAL expression
    (10) expression -> . SQRT LEFTPAR expression RIGHTPAR
    (11) expression -> . SEN LEFTPAR expression RIGHTPAR
    (12) expression -> . COS LEFTPAR expression RIGHTPAR
    (13) expression -> . AREA LEFTPAR expression COMA expression RIGHTPAR
    (14) expression -> . RADTODEG LEFTPAR expression RIGHTPAR
    (15) expression -> . INT
    (16) expression -> . FLOAT
    (17) expression -> . MINUS expression
    (18) expression -> . LEFTPAR expression RIGHTPAR

    CALCULATE       shift and go to state 4
    FACTORIAL       shift and go to state 6
    SQRT            shift and go to state 7
    SEN             shift and go to state 9
    COS             shift and go to state 10
    AREA            shift and go to state 11
    RADTODEG        shift and go to state 12
    INT             shift and go to state 13
    FLOAT           shift and go to state 14
    MINUS           shift and go to state 5
    LEFTPAR         shift and go to state 8

    expression                     shift and go to state 32

state 20

    (4) expression -> CALCULATE LEFTBRA . expression RIGHTBRA FIN
    (4) expression -> . CALCULATE LEFTBRA expression RIGHTBRA FIN
    (5) expression -> . expression MULTIPLY expression
    (6) expression -> . expression DIVIDE expression
    (7) expression -> . expression PLUS expression
    (8) expression -> . expression MINUS expression
    (9) expression -> . FACTORIAL expression
    (10) expression -> . SQRT LEFTPAR expression RIGHTPAR
    (11) expression -> . SEN LEFTPAR expression RIGHTPAR
    (12) expression -> . COS LEFTPAR expression RIGHTPAR
    (13) expression -> . AREA LEFTPAR expression COMA expression RIGHTPAR
    (14) expression -> . RADTODEG LEFTPAR expression RIGHTPAR
    (15) expression -> . INT
    (16) expression -> . FLOAT
    (17) expression -> . MINUS expression
    (18) expression -> . LEFTPAR expression RIGHTPAR

    CALCULATE       shift and go to state 4
    FACTORIAL       shift and go to state 6
    SQRT            shift and go to state 7
    SEN             shift and go to state 9
    COS             shift and go to state 10
    AREA            shift and go to state 11
    RADTODEG        shift and go to state 12
    INT             shift and go to state 13
    FLOAT           shift and go to state 14
    MINUS           shift and go to state 5
    LEFTPAR         shift and go to state 8

    expression                     shift and go to state 33

state 21

    (17) expression -> MINUS expression .
    (5) expression -> expression . MULTIPLY expression
    (6) expression -> expression . DIVIDE expression
    (7) expression -> expression . PLUS expression
    (8) expression -> expression . MINUS expression

    MULTIPLY        reduce using rule 17 (expression -> MINUS expression .)
    DIVIDE          reduce using rule 17 (expression -> MINUS expression .)
    PLUS            reduce using rule 17 (expression -> MINUS expression .)
    MINUS           reduce using rule 17 (expression -> MINUS expression .)
    CALCULATE       reduce using rule 17 (expression -> MINUS expression .)
    FACTORIAL       reduce using rule 17 (expression -> MINUS expression .)
    SQRT            reduce using rule 17 (expression -> MINUS expression .)
    SEN             reduce using rule 17 (expression -> MINUS expression .)
    COS             reduce using rule 17 (expression -> MINUS expression .)
    AREA            reduce using rule 17 (expression -> MINUS expression .)
    RADTODEG        reduce using rule 17 (expression -> MINUS expression .)
    INT             reduce using rule 17 (expression -> MINUS expression .)
    FLOAT           reduce using rule 17 (expression -> MINUS expression .)
    LEFTPAR         reduce using rule 17 (expression -> MINUS expression .)
    $end            reduce using rule 17 (expression -> MINUS expression .)
    RIGHTPAR        reduce using rule 17 (expression -> MINUS expression .)
    RIGHTBRA        reduce using rule 17 (expression -> MINUS expression .)
    COMA            reduce using rule 17 (expression -> MINUS expression .)

  ! MULTIPLY        [ shift and go to state 16 ]
  ! DIVIDE          [ shift and go to state 17 ]
  ! PLUS            [ shift and go to state 18 ]
  ! MINUS           [ shift and go to state 34 ]


state 22

    (9) expression -> FACTORIAL expression .
    (5) expression -> expression . MULTIPLY expression
    (6) expression -> expression . DIVIDE expression
    (7) expression -> expression . PLUS expression
    (8) expression -> expression . MINUS expression

    MULTIPLY        reduce using rule 9 (expression -> FACTORIAL expression .)
    DIVIDE          reduce using rule 9 (expression -> FACTORIAL expression .)
    PLUS            reduce using rule 9 (expression -> FACTORIAL expression .)
    MINUS           reduce using rule 9 (expression -> FACTORIAL expression .)
    CALCULATE       reduce using rule 9 (expression -> FACTORIAL expression .)
    FACTORIAL       reduce using rule 9 (expression -> FACTORIAL expression .)
    SQRT            reduce using rule 9 (expression -> FACTORIAL expression .)
    SEN             reduce using rule 9 (expression -> FACTORIAL expression .)
    COS             reduce using rule 9 (expression -> FACTORIAL expression .)
    AREA            reduce using rule 9 (expression -> FACTORIAL expression .)
    RADTODEG        reduce using rule 9 (expression -> FACTORIAL expression .)
    INT             reduce using rule 9 (expression -> FACTORIAL expression .)
    FLOAT           reduce using rule 9 (expression -> FACTORIAL expression .)
    LEFTPAR         reduce using rule 9 (expression -> FACTORIAL expression .)
    $end            reduce using rule 9 (expression -> FACTORIAL expression .)
    RIGHTPAR        reduce using rule 9 (expression -> FACTORIAL expression .)
    RIGHTBRA        reduce using rule 9 (expression -> FACTORIAL expression .)
    COMA            reduce using rule 9 (expression -> FACTORIAL expression .)

  ! MULTIPLY        [ shift and go to state 16 ]
  ! DIVIDE          [ shift and go to state 17 ]
  ! PLUS            [ shift and go to state 18 ]
  ! MINUS           [ shift and go to state 34 ]


state 23

    (10) expression -> SQRT LEFTPAR . expression RIGHTPAR
    (4) expression -> . CALCULATE LEFTBRA expression RIGHTBRA FIN
    (5) expression -> . expression MULTIPLY expression
    (6) expression -> . expression DIVIDE expression
    (7) expression -> . expression PLUS expression
    (8) expression -> . expression MINUS expression
    (9) expression -> . FACTORIAL expression
    (10) expression -> . SQRT LEFTPAR expression RIGHTPAR
    (11) expression -> . SEN LEFTPAR expression RIGHTPAR
    (12) expression -> . COS LEFTPAR expression RIGHTPAR
    (13) expression -> . AREA LEFTPAR expression COMA expression RIGHTPAR
    (14) expression -> . RADTODEG LEFTPAR expression RIGHTPAR
    (15) expression -> . INT
    (16) expression -> . FLOAT
    (17) expression -> . MINUS expression
    (18) expression -> . LEFTPAR expression RIGHTPAR

    CALCULATE       shift and go to state 4
    FACTORIAL       shift and go to state 6
    SQRT            shift and go to state 7
    SEN             shift and go to state 9
    COS             shift and go to state 10
    AREA            shift and go to state 11
    RADTODEG        shift and go to state 12
    INT             shift and go to state 13
    FLOAT           shift and go to state 14
    MINUS           shift and go to state 5
    LEFTPAR         shift and go to state 8

    expression                     shift and go to state 35

state 24

    (18) expression -> LEFTPAR expression . RIGHTPAR
    (5) expression -> expression . MULTIPLY expression
    (6) expression -> expression . DIVIDE expression
    (7) expression -> expression . PLUS expression
    (8) expression -> expression . MINUS expression

    RIGHTPAR        shift and go to state 36
    MULTIPLY        shift and go to state 16
    DIVIDE          shift and go to state 17
    PLUS            shift and go to state 18
    MINUS           shift and go to state 34


state 25

    (11) expression -> SEN LEFTPAR . expression RIGHTPAR
    (4) expression -> . CALCULATE LEFTBRA expression RIGHTBRA FIN
    (5) expression -> . expression MULTIPLY expression
    (6) expression -> . expression DIVIDE expression
    (7) expression -> . expression PLUS expression
    (8) expression -> . expression MINUS expression
    (9) expression -> . FACTORIAL expression
    (10) expression -> . SQRT LEFTPAR expression RIGHTPAR
    (11) expression -> . SEN LEFTPAR expression RIGHTPAR
    (12) expression -> . COS LEFTPAR expression RIGHTPAR
    (13) expression -> . AREA LEFTPAR expression COMA expression RIGHTPAR
    (14) expression -> . RADTODEG LEFTPAR expression RIGHTPAR
    (15) expression -> . INT
    (16) expression -> . FLOAT
    (17) expression -> . MINUS expression
    (18) expression -> . LEFTPAR expression RIGHTPAR

    CALCULATE       shift and go to state 4
    FACTORIAL       shift and go to state 6
    SQRT            shift and go to state 7
    SEN             shift and go to state 9
    COS             shift and go to state 10
    AREA            shift and go to state 11
    RADTODEG        shift and go to state 12
    INT             shift and go to state 13
    FLOAT           shift and go to state 14
    MINUS           shift and go to state 5
    LEFTPAR         shift and go to state 8

    expression                     shift and go to state 37

state 26

    (12) expression -> COS LEFTPAR . expression RIGHTPAR
    (4) expression -> . CALCULATE LEFTBRA expression RIGHTBRA FIN
    (5) expression -> . expression MULTIPLY expression
    (6) expression -> . expression DIVIDE expression
    (7) expression -> . expression PLUS expression
    (8) expression -> . expression MINUS expression
    (9) expression -> . FACTORIAL expression
    (10) expression -> . SQRT LEFTPAR expression RIGHTPAR
    (11) expression -> . SEN LEFTPAR expression RIGHTPAR
    (12) expression -> . COS LEFTPAR expression RIGHTPAR
    (13) expression -> . AREA LEFTPAR expression COMA expression RIGHTPAR
    (14) expression -> . RADTODEG LEFTPAR expression RIGHTPAR
    (15) expression -> . INT
    (16) expression -> . FLOAT
    (17) expression -> . MINUS expression
    (18) expression -> . LEFTPAR expression RIGHTPAR

    CALCULATE       shift and go to state 4
    FACTORIAL       shift and go to state 6
    SQRT            shift and go to state 7
    SEN             shift and go to state 9
    COS             shift and go to state 10
    AREA            shift and go to state 11
    RADTODEG        shift and go to state 12
    INT             shift and go to state 13
    FLOAT           shift and go to state 14
    MINUS           shift and go to state 5
    LEFTPAR         shift and go to state 8

    expression                     shift and go to state 38

state 27

    (13) expression -> AREA LEFTPAR . expression COMA expression RIGHTPAR
    (4) expression -> . CALCULATE LEFTBRA expression RIGHTBRA FIN
    (5) expression -> . expression MULTIPLY expression
    (6) expression -> . expression DIVIDE expression
    (7) expression -> . expression PLUS expression
    (8) expression -> . expression MINUS expression
    (9) expression -> . FACTORIAL expression
    (10) expression -> . SQRT LEFTPAR expression RIGHTPAR
    (11) expression -> . SEN LEFTPAR expression RIGHTPAR
    (12) expression -> . COS LEFTPAR expression RIGHTPAR
    (13) expression -> . AREA LEFTPAR expression COMA expression RIGHTPAR
    (14) expression -> . RADTODEG LEFTPAR expression RIGHTPAR
    (15) expression -> . INT
    (16) expression -> . FLOAT
    (17) expression -> . MINUS expression
    (18) expression -> . LEFTPAR expression RIGHTPAR

    CALCULATE       shift and go to state 4
    FACTORIAL       shift and go to state 6
    SQRT            shift and go to state 7
    SEN             shift and go to state 9
    COS             shift and go to state 10
    AREA            shift and go to state 11
    RADTODEG        shift and go to state 12
    INT             shift and go to state 13
    FLOAT           shift and go to state 14
    MINUS           shift and go to state 5
    LEFTPAR         shift and go to state 8

    expression                     shift and go to state 39

state 28

    (14) expression -> RADTODEG LEFTPAR . expression RIGHTPAR
    (4) expression -> . CALCULATE LEFTBRA expression RIGHTBRA FIN
    (5) expression -> . expression MULTIPLY expression
    (6) expression -> . expression DIVIDE expression
    (7) expression -> . expression PLUS expression
    (8) expression -> . expression MINUS expression
    (9) expression -> . FACTORIAL expression
    (10) expression -> . SQRT LEFTPAR expression RIGHTPAR
    (11) expression -> . SEN LEFTPAR expression RIGHTPAR
    (12) expression -> . COS LEFTPAR expression RIGHTPAR
    (13) expression -> . AREA LEFTPAR expression COMA expression RIGHTPAR
    (14) expression -> . RADTODEG LEFTPAR expression RIGHTPAR
    (15) expression -> . INT
    (16) expression -> . FLOAT
    (17) expression -> . MINUS expression
    (18) expression -> . LEFTPAR expression RIGHTPAR

    CALCULATE       shift and go to state 4
    FACTORIAL       shift and go to state 6
    SQRT            shift and go to state 7
    SEN             shift and go to state 9
    COS             shift and go to state 10
    AREA            shift and go to state 11
    RADTODEG        shift and go to state 12
    INT             shift and go to state 13
    FLOAT           shift and go to state 14
    MINUS           shift and go to state 5
    LEFTPAR         shift and go to state 8

    expression                     shift and go to state 40

state 29

    (5) expression -> expression MULTIPLY expression .
    (5) expression -> expression . MULTIPLY expression
    (6) expression -> expression . DIVIDE expression
    (7) expression -> expression . PLUS expression
    (8) expression -> expression . MINUS expression

    MULTIPLY        reduce using rule 5 (expression -> expression MULTIPLY expression .)
    DIVIDE          reduce using rule 5 (expression -> expression MULTIPLY expression .)
    PLUS            reduce using rule 5 (expression -> expression MULTIPLY expression .)
    MINUS           reduce using rule 5 (expression -> expression MULTIPLY expression .)
    CALCULATE       reduce using rule 5 (expression -> expression MULTIPLY expression .)
    FACTORIAL       reduce using rule 5 (expression -> expression MULTIPLY expression .)
    SQRT            reduce using rule 5 (expression -> expression MULTIPLY expression .)
    SEN             reduce using rule 5 (expression -> expression MULTIPLY expression .)
    COS             reduce using rule 5 (expression -> expression MULTIPLY expression .)
    AREA            reduce using rule 5 (expression -> expression MULTIPLY expression .)
    RADTODEG        reduce using rule 5 (expression -> expression MULTIPLY expression .)
    INT             reduce using rule 5 (expression -> expression MULTIPLY expression .)
    FLOAT           reduce using rule 5 (expression -> expression MULTIPLY expression .)
    LEFTPAR         reduce using rule 5 (expression -> expression MULTIPLY expression .)
    $end            reduce using rule 5 (expression -> expression MULTIPLY expression .)
    RIGHTPAR        reduce using rule 5 (expression -> expression MULTIPLY expression .)
    RIGHTBRA        reduce using rule 5 (expression -> expression MULTIPLY expression .)
    COMA            reduce using rule 5 (expression -> expression MULTIPLY expression .)

  ! MULTIPLY        [ shift and go to state 16 ]
  ! DIVIDE          [ shift and go to state 17 ]
  ! PLUS            [ shift and go to state 18 ]
  ! MINUS           [ shift and go to state 34 ]


state 30

    (6) expression -> expression DIVIDE expression .
    (5) expression -> expression . MULTIPLY expression
    (6) expression -> expression . DIVIDE expression
    (7) expression -> expression . PLUS expression
    (8) expression -> expression . MINUS expression

    MULTIPLY        reduce using rule 6 (expression -> expression DIVIDE expression .)
    DIVIDE          reduce using rule 6 (expression -> expression DIVIDE expression .)
    PLUS            reduce using rule 6 (expression -> expression DIVIDE expression .)
    MINUS           reduce using rule 6 (expression -> expression DIVIDE expression .)
    CALCULATE       reduce using rule 6 (expression -> expression DIVIDE expression .)
    FACTORIAL       reduce using rule 6 (expression -> expression DIVIDE expression .)
    SQRT            reduce using rule 6 (expression -> expression DIVIDE expression .)
    SEN             reduce using rule 6 (expression -> expression DIVIDE expression .)
    COS             reduce using rule 6 (expression -> expression DIVIDE expression .)
    AREA            reduce using rule 6 (expression -> expression DIVIDE expression .)
    RADTODEG        reduce using rule 6 (expression -> expression DIVIDE expression .)
    INT             reduce using rule 6 (expression -> expression DIVIDE expression .)
    FLOAT           reduce using rule 6 (expression -> expression DIVIDE expression .)
    LEFTPAR         reduce using rule 6 (expression -> expression DIVIDE expression .)
    $end            reduce using rule 6 (expression -> expression DIVIDE expression .)
    RIGHTPAR        reduce using rule 6 (expression -> expression DIVIDE expression .)
    RIGHTBRA        reduce using rule 6 (expression -> expression DIVIDE expression .)
    COMA            reduce using rule 6 (expression -> expression DIVIDE expression .)

  ! MULTIPLY        [ shift and go to state 16 ]
  ! DIVIDE          [ shift and go to state 17 ]
  ! PLUS            [ shift and go to state 18 ]
  ! MINUS           [ shift and go to state 34 ]


state 31

    (7) expression -> expression PLUS expression .
    (5) expression -> expression . MULTIPLY expression
    (6) expression -> expression . DIVIDE expression
    (7) expression -> expression . PLUS expression
    (8) expression -> expression . MINUS expression

    PLUS            reduce using rule 7 (expression -> expression PLUS expression .)
    MINUS           reduce using rule 7 (expression -> expression PLUS expression .)
    CALCULATE       reduce using rule 7 (expression -> expression PLUS expression .)
    FACTORIAL       reduce using rule 7 (expression -> expression PLUS expression .)
    SQRT            reduce using rule 7 (expression -> expression PLUS expression .)
    SEN             reduce using rule 7 (expression -> expression PLUS expression .)
    COS             reduce using rule 7 (expression -> expression PLUS expression .)
    AREA            reduce using rule 7 (expression -> expression PLUS expression .)
    RADTODEG        reduce using rule 7 (expression -> expression PLUS expression .)
    INT             reduce using rule 7 (expression -> expression PLUS expression .)
    FLOAT           reduce using rule 7 (expression -> expression PLUS expression .)
    LEFTPAR         reduce using rule 7 (expression -> expression PLUS expression .)
    $end            reduce using rule 7 (expression -> expression PLUS expression .)
    RIGHTPAR        reduce using rule 7 (expression -> expression PLUS expression .)
    RIGHTBRA        reduce using rule 7 (expression -> expression PLUS expression .)
    COMA            reduce using rule 7 (expression -> expression PLUS expression .)
    MULTIPLY        shift and go to state 16
    DIVIDE          shift and go to state 17

  ! MULTIPLY        [ reduce using rule 7 (expression -> expression PLUS expression .) ]
  ! DIVIDE          [ reduce using rule 7 (expression -> expression PLUS expression .) ]
  ! PLUS            [ shift and go to state 18 ]
  ! MINUS           [ shift and go to state 34 ]


state 32

    (8) expression -> expression MINUS expression .
    (17) expression -> MINUS expression .
    (5) expression -> expression . MULTIPLY expression
    (6) expression -> expression . DIVIDE expression
    (7) expression -> expression . PLUS expression
    (8) expression -> expression . MINUS expression

  ! reduce/reduce conflict for MULTIPLY resolved using rule 8 (expression -> expression MINUS expression .)
  ! reduce/reduce conflict for DIVIDE resolved using rule 8 (expression -> expression MINUS expression .)
  ! reduce/reduce conflict for PLUS resolved using rule 8 (expression -> expression MINUS expression .)
  ! reduce/reduce conflict for MINUS resolved using rule 8 (expression -> expression MINUS expression .)
  ! reduce/reduce conflict for CALCULATE resolved using rule 8 (expression -> expression MINUS expression .)
  ! reduce/reduce conflict for FACTORIAL resolved using rule 8 (expression -> expression MINUS expression .)
  ! reduce/reduce conflict for SQRT resolved using rule 8 (expression -> expression MINUS expression .)
  ! reduce/reduce conflict for SEN resolved using rule 8 (expression -> expression MINUS expression .)
  ! reduce/reduce conflict for COS resolved using rule 8 (expression -> expression MINUS expression .)
  ! reduce/reduce conflict for AREA resolved using rule 8 (expression -> expression MINUS expression .)
  ! reduce/reduce conflict for RADTODEG resolved using rule 8 (expression -> expression MINUS expression .)
  ! reduce/reduce conflict for INT resolved using rule 8 (expression -> expression MINUS expression .)
  ! reduce/reduce conflict for FLOAT resolved using rule 8 (expression -> expression MINUS expression .)
  ! reduce/reduce conflict for LEFTPAR resolved using rule 8 (expression -> expression MINUS expression .)
  ! reduce/reduce conflict for $end resolved using rule 8 (expression -> expression MINUS expression .)
    PLUS            reduce using rule 8 (expression -> expression MINUS expression .)
    MINUS           reduce using rule 8 (expression -> expression MINUS expression .)
    CALCULATE       reduce using rule 8 (expression -> expression MINUS expression .)
    FACTORIAL       reduce using rule 8 (expression -> expression MINUS expression .)
    SQRT            reduce using rule 8 (expression -> expression MINUS expression .)
    SEN             reduce using rule 8 (expression -> expression MINUS expression .)
    COS             reduce using rule 8 (expression -> expression MINUS expression .)
    AREA            reduce using rule 8 (expression -> expression MINUS expression .)
    RADTODEG        reduce using rule 8 (expression -> expression MINUS expression .)
    INT             reduce using rule 8 (expression -> expression MINUS expression .)
    FLOAT           reduce using rule 8 (expression -> expression MINUS expression .)
    LEFTPAR         reduce using rule 8 (expression -> expression MINUS expression .)
    $end            reduce using rule 8 (expression -> expression MINUS expression .)
    MULTIPLY        shift and go to state 16
    DIVIDE          shift and go to state 17

  ! MULTIPLY        [ reduce using rule 8 (expression -> expression MINUS expression .) ]
  ! DIVIDE          [ reduce using rule 8 (expression -> expression MINUS expression .) ]
  ! MULTIPLY        [ reduce using rule 17 (expression -> MINUS expression .) ]
  ! DIVIDE          [ reduce using rule 17 (expression -> MINUS expression .) ]
  ! PLUS            [ reduce using rule 17 (expression -> MINUS expression .) ]
  ! MINUS           [ reduce using rule 17 (expression -> MINUS expression .) ]
  ! CALCULATE       [ reduce using rule 17 (expression -> MINUS expression .) ]
  ! FACTORIAL       [ reduce using rule 17 (expression -> MINUS expression .) ]
  ! SQRT            [ reduce using rule 17 (expression -> MINUS expression .) ]
  ! SEN             [ reduce using rule 17 (expression -> MINUS expression .) ]
  ! COS             [ reduce using rule 17 (expression -> MINUS expression .) ]
  ! AREA            [ reduce using rule 17 (expression -> MINUS expression .) ]
  ! RADTODEG        [ reduce using rule 17 (expression -> MINUS expression .) ]
  ! INT             [ reduce using rule 17 (expression -> MINUS expression .) ]
  ! FLOAT           [ reduce using rule 17 (expression -> MINUS expression .) ]
  ! LEFTPAR         [ reduce using rule 17 (expression -> MINUS expression .) ]
  ! $end            [ reduce using rule 17 (expression -> MINUS expression .) ]
  ! PLUS            [ shift and go to state 18 ]
  ! MINUS           [ shift and go to state 34 ]


state 33

    (4) expression -> CALCULATE LEFTBRA expression . RIGHTBRA FIN
    (5) expression -> expression . MULTIPLY expression
    (6) expression -> expression . DIVIDE expression
    (7) expression -> expression . PLUS expression
    (8) expression -> expression . MINUS expression

    RIGHTBRA        shift and go to state 41
    MULTIPLY        shift and go to state 16
    DIVIDE          shift and go to state 17
    PLUS            shift and go to state 18
    MINUS           shift and go to state 34


state 34

    (8) expression -> expression MINUS . expression
    (4) expression -> . CALCULATE LEFTBRA expression RIGHTBRA FIN
    (5) expression -> . expression MULTIPLY expression
    (6) expression -> . expression DIVIDE expression
    (7) expression -> . expression PLUS expression
    (8) expression -> . expression MINUS expression
    (9) expression -> . FACTORIAL expression
    (10) expression -> . SQRT LEFTPAR expression RIGHTPAR
    (11) expression -> . SEN LEFTPAR expression RIGHTPAR
    (12) expression -> . COS LEFTPAR expression RIGHTPAR
    (13) expression -> . AREA LEFTPAR expression COMA expression RIGHTPAR
    (14) expression -> . RADTODEG LEFTPAR expression RIGHTPAR
    (15) expression -> . INT
    (16) expression -> . FLOAT
    (17) expression -> . MINUS expression
    (18) expression -> . LEFTPAR expression RIGHTPAR

    CALCULATE       shift and go to state 4
    FACTORIAL       shift and go to state 6
    SQRT            shift and go to state 7
    SEN             shift and go to state 9
    COS             shift and go to state 10
    AREA            shift and go to state 11
    RADTODEG        shift and go to state 12
    INT             shift and go to state 13
    FLOAT           shift and go to state 14
    MINUS           shift and go to state 5
    LEFTPAR         shift and go to state 8

    expression                     shift and go to state 42

state 35

    (10) expression -> SQRT LEFTPAR expression . RIGHTPAR
    (5) expression -> expression . MULTIPLY expression
    (6) expression -> expression . DIVIDE expression
    (7) expression -> expression . PLUS expression
    (8) expression -> expression . MINUS expression

    RIGHTPAR        shift and go to state 43
    MULTIPLY        shift and go to state 16
    DIVIDE          shift and go to state 17
    PLUS            shift and go to state 18
    MINUS           shift and go to state 34


state 36

    (18) expression -> LEFTPAR expression RIGHTPAR .

    MULTIPLY        reduce using rule 18 (expression -> LEFTPAR expression RIGHTPAR .)
    DIVIDE          reduce using rule 18 (expression -> LEFTPAR expression RIGHTPAR .)
    PLUS            reduce using rule 18 (expression -> LEFTPAR expression RIGHTPAR .)
    MINUS           reduce using rule 18 (expression -> LEFTPAR expression RIGHTPAR .)
    CALCULATE       reduce using rule 18 (expression -> LEFTPAR expression RIGHTPAR .)
    FACTORIAL       reduce using rule 18 (expression -> LEFTPAR expression RIGHTPAR .)
    SQRT            reduce using rule 18 (expression -> LEFTPAR expression RIGHTPAR .)
    SEN             reduce using rule 18 (expression -> LEFTPAR expression RIGHTPAR .)
    COS             reduce using rule 18 (expression -> LEFTPAR expression RIGHTPAR .)
    AREA            reduce using rule 18 (expression -> LEFTPAR expression RIGHTPAR .)
    RADTODEG        reduce using rule 18 (expression -> LEFTPAR expression RIGHTPAR .)
    INT             reduce using rule 18 (expression -> LEFTPAR expression RIGHTPAR .)
    FLOAT           reduce using rule 18 (expression -> LEFTPAR expression RIGHTPAR .)
    LEFTPAR         reduce using rule 18 (expression -> LEFTPAR expression RIGHTPAR .)
    $end            reduce using rule 18 (expression -> LEFTPAR expression RIGHTPAR .)
    RIGHTPAR        reduce using rule 18 (expression -> LEFTPAR expression RIGHTPAR .)
    RIGHTBRA        reduce using rule 18 (expression -> LEFTPAR expression RIGHTPAR .)
    COMA            reduce using rule 18 (expression -> LEFTPAR expression RIGHTPAR .)


state 37

    (11) expression -> SEN LEFTPAR expression . RIGHTPAR
    (5) expression -> expression . MULTIPLY expression
    (6) expression -> expression . DIVIDE expression
    (7) expression -> expression . PLUS expression
    (8) expression -> expression . MINUS expression

    RIGHTPAR        shift and go to state 44
    MULTIPLY        shift and go to state 16
    DIVIDE          shift and go to state 17
    PLUS            shift and go to state 18
    MINUS           shift and go to state 34


state 38

    (12) expression -> COS LEFTPAR expression . RIGHTPAR
    (5) expression -> expression . MULTIPLY expression
    (6) expression -> expression . DIVIDE expression
    (7) expression -> expression . PLUS expression
    (8) expression -> expression . MINUS expression

    RIGHTPAR        shift and go to state 45
    MULTIPLY        shift and go to state 16
    DIVIDE          shift and go to state 17
    PLUS            shift and go to state 18
    MINUS           shift and go to state 34


state 39

    (13) expression -> AREA LEFTPAR expression . COMA expression RIGHTPAR
    (5) expression -> expression . MULTIPLY expression
    (6) expression -> expression . DIVIDE expression
    (7) expression -> expression . PLUS expression
    (8) expression -> expression . MINUS expression

    COMA            shift and go to state 46
    MULTIPLY        shift and go to state 16
    DIVIDE          shift and go to state 17
    PLUS            shift and go to state 18
    MINUS           shift and go to state 34


state 40

    (14) expression -> RADTODEG LEFTPAR expression . RIGHTPAR
    (5) expression -> expression . MULTIPLY expression
    (6) expression -> expression . DIVIDE expression
    (7) expression -> expression . PLUS expression
    (8) expression -> expression . MINUS expression

    RIGHTPAR        shift and go to state 47
    MULTIPLY        shift and go to state 16
    DIVIDE          shift and go to state 17
    PLUS            shift and go to state 18
    MINUS           shift and go to state 34


state 41

    (4) expression -> CALCULATE LEFTBRA expression RIGHTBRA . FIN

    FIN             shift and go to state 48


state 42

    (8) expression -> expression MINUS expression .
    (5) expression -> expression . MULTIPLY expression
    (6) expression -> expression . DIVIDE expression
    (7) expression -> expression . PLUS expression
    (8) expression -> expression . MINUS expression

    PLUS            reduce using rule 8 (expression -> expression MINUS expression .)
    MINUS           reduce using rule 8 (expression -> expression MINUS expression .)
    CALCULATE       reduce using rule 8 (expression -> expression MINUS expression .)
    FACTORIAL       reduce using rule 8 (expression -> expression MINUS expression .)
    SQRT            reduce using rule 8 (expression -> expression MINUS expression .)
    SEN             reduce using rule 8 (expression -> expression MINUS expression .)
    COS             reduce using rule 8 (expression -> expression MINUS expression .)
    AREA            reduce using rule 8 (expression -> expression MINUS expression .)
    RADTODEG        reduce using rule 8 (expression -> expression MINUS expression .)
    INT             reduce using rule 8 (expression -> expression MINUS expression .)
    FLOAT           reduce using rule 8 (expression -> expression MINUS expression .)
    LEFTPAR         reduce using rule 8 (expression -> expression MINUS expression .)
    $end            reduce using rule 8 (expression -> expression MINUS expression .)
    RIGHTPAR        reduce using rule 8 (expression -> expression MINUS expression .)
    RIGHTBRA        reduce using rule 8 (expression -> expression MINUS expression .)
    COMA            reduce using rule 8 (expression -> expression MINUS expression .)
    MULTIPLY        shift and go to state 16
    DIVIDE          shift and go to state 17

  ! MULTIPLY        [ reduce using rule 8 (expression -> expression MINUS expression .) ]
  ! DIVIDE          [ reduce using rule 8 (expression -> expression MINUS expression .) ]
  ! PLUS            [ shift and go to state 18 ]
  ! MINUS           [ shift and go to state 34 ]


state 43

    (10) expression -> SQRT LEFTPAR expression RIGHTPAR .

    MULTIPLY        reduce using rule 10 (expression -> SQRT LEFTPAR expression RIGHTPAR .)
    DIVIDE          reduce using rule 10 (expression -> SQRT LEFTPAR expression RIGHTPAR .)
    PLUS            reduce using rule 10 (expression -> SQRT LEFTPAR expression RIGHTPAR .)
    MINUS           reduce using rule 10 (expression -> SQRT LEFTPAR expression RIGHTPAR .)
    CALCULATE       reduce using rule 10 (expression -> SQRT LEFTPAR expression RIGHTPAR .)
    FACTORIAL       reduce using rule 10 (expression -> SQRT LEFTPAR expression RIGHTPAR .)
    SQRT            reduce using rule 10 (expression -> SQRT LEFTPAR expression RIGHTPAR .)
    SEN             reduce using rule 10 (expression -> SQRT LEFTPAR expression RIGHTPAR .)
    COS             reduce using rule 10 (expression -> SQRT LEFTPAR expression RIGHTPAR .)
    AREA            reduce using rule 10 (expression -> SQRT LEFTPAR expression RIGHTPAR .)
    RADTODEG        reduce using rule 10 (expression -> SQRT LEFTPAR expression RIGHTPAR .)
    INT             reduce using rule 10 (expression -> SQRT LEFTPAR expression RIGHTPAR .)
    FLOAT           reduce using rule 10 (expression -> SQRT LEFTPAR expression RIGHTPAR .)
    LEFTPAR         reduce using rule 10 (expression -> SQRT LEFTPAR expression RIGHTPAR .)
    $end            reduce using rule 10 (expression -> SQRT LEFTPAR expression RIGHTPAR .)
    RIGHTPAR        reduce using rule 10 (expression -> SQRT LEFTPAR expression RIGHTPAR .)
    RIGHTBRA        reduce using rule 10 (expression -> SQRT LEFTPAR expression RIGHTPAR .)
    COMA            reduce using rule 10 (expression -> SQRT LEFTPAR expression RIGHTPAR .)


state 44

    (11) expression -> SEN LEFTPAR expression RIGHTPAR .

    MULTIPLY        reduce using rule 11 (expression -> SEN LEFTPAR expression RIGHTPAR .)
    DIVIDE          reduce using rule 11 (expression -> SEN LEFTPAR expression RIGHTPAR .)
    PLUS            reduce using rule 11 (expression -> SEN LEFTPAR expression RIGHTPAR .)
    MINUS           reduce using rule 11 (expression -> SEN LEFTPAR expression RIGHTPAR .)
    CALCULATE       reduce using rule 11 (expression -> SEN LEFTPAR expression RIGHTPAR .)
    FACTORIAL       reduce using rule 11 (expression -> SEN LEFTPAR expression RIGHTPAR .)
    SQRT            reduce using rule 11 (expression -> SEN LEFTPAR expression RIGHTPAR .)
    SEN             reduce using rule 11 (expression -> SEN LEFTPAR expression RIGHTPAR .)
    COS             reduce using rule 11 (expression -> SEN LEFTPAR expression RIGHTPAR .)
    AREA            reduce using rule 11 (expression -> SEN LEFTPAR expression RIGHTPAR .)
    RADTODEG        reduce using rule 11 (expression -> SEN LEFTPAR expression RIGHTPAR .)
    INT             reduce using rule 11 (expression -> SEN LEFTPAR expression RIGHTPAR .)
    FLOAT           reduce using rule 11 (expression -> SEN LEFTPAR expression RIGHTPAR .)
    LEFTPAR         reduce using rule 11 (expression -> SEN LEFTPAR expression RIGHTPAR .)
    $end            reduce using rule 11 (expression -> SEN LEFTPAR expression RIGHTPAR .)
    RIGHTPAR        reduce using rule 11 (expression -> SEN LEFTPAR expression RIGHTPAR .)
    RIGHTBRA        reduce using rule 11 (expression -> SEN LEFTPAR expression RIGHTPAR .)
    COMA            reduce using rule 11 (expression -> SEN LEFTPAR expression RIGHTPAR .)


state 45

    (12) expression -> COS LEFTPAR expression RIGHTPAR .

    MULTIPLY        reduce using rule 12 (expression -> COS LEFTPAR expression RIGHTPAR .)
    DIVIDE          reduce using rule 12 (expression -> COS LEFTPAR expression RIGHTPAR .)
    PLUS            reduce using rule 12 (expression -> COS LEFTPAR expression RIGHTPAR .)
    MINUS           reduce using rule 12 (expression -> COS LEFTPAR expression RIGHTPAR .)
    CALCULATE       reduce using rule 12 (expression -> COS LEFTPAR expression RIGHTPAR .)
    FACTORIAL       reduce using rule 12 (expression -> COS LEFTPAR expression RIGHTPAR .)
    SQRT            reduce using rule 12 (expression -> COS LEFTPAR expression RIGHTPAR .)
    SEN             reduce using rule 12 (expression -> COS LEFTPAR expression RIGHTPAR .)
    COS             reduce using rule 12 (expression -> COS LEFTPAR expression RIGHTPAR .)
    AREA            reduce using rule 12 (expression -> COS LEFTPAR expression RIGHTPAR .)
    RADTODEG        reduce using rule 12 (expression -> COS LEFTPAR expression RIGHTPAR .)
    INT             reduce using rule 12 (expression -> COS LEFTPAR expression RIGHTPAR .)
    FLOAT           reduce using rule 12 (expression -> COS LEFTPAR expression RIGHTPAR .)
    LEFTPAR         reduce using rule 12 (expression -> COS LEFTPAR expression RIGHTPAR .)
    $end            reduce using rule 12 (expression -> COS LEFTPAR expression RIGHTPAR .)
    RIGHTPAR        reduce using rule 12 (expression -> COS LEFTPAR expression RIGHTPAR .)
    RIGHTBRA        reduce using rule 12 (expression -> COS LEFTPAR expression RIGHTPAR .)
    COMA            reduce using rule 12 (expression -> COS LEFTPAR expression RIGHTPAR .)


state 46

    (13) expression -> AREA LEFTPAR expression COMA . expression RIGHTPAR
    (4) expression -> . CALCULATE LEFTBRA expression RIGHTBRA FIN
    (5) expression -> . expression MULTIPLY expression
    (6) expression -> . expression DIVIDE expression
    (7) expression -> . expression PLUS expression
    (8) expression -> . expression MINUS expression
    (9) expression -> . FACTORIAL expression
    (10) expression -> . SQRT LEFTPAR expression RIGHTPAR
    (11) expression -> . SEN LEFTPAR expression RIGHTPAR
    (12) expression -> . COS LEFTPAR expression RIGHTPAR
    (13) expression -> . AREA LEFTPAR expression COMA expression RIGHTPAR
    (14) expression -> . RADTODEG LEFTPAR expression RIGHTPAR
    (15) expression -> . INT
    (16) expression -> . FLOAT
    (17) expression -> . MINUS expression
    (18) expression -> . LEFTPAR expression RIGHTPAR

    CALCULATE       shift and go to state 4
    FACTORIAL       shift and go to state 6
    SQRT            shift and go to state 7
    SEN             shift and go to state 9
    COS             shift and go to state 10
    AREA            shift and go to state 11
    RADTODEG        shift and go to state 12
    INT             shift and go to state 13
    FLOAT           shift and go to state 14
    MINUS           shift and go to state 5
    LEFTPAR         shift and go to state 8

    expression                     shift and go to state 49

state 47

    (14) expression -> RADTODEG LEFTPAR expression RIGHTPAR .

    MULTIPLY        reduce using rule 14 (expression -> RADTODEG LEFTPAR expression RIGHTPAR .)
    DIVIDE          reduce using rule 14 (expression -> RADTODEG LEFTPAR expression RIGHTPAR .)
    PLUS            reduce using rule 14 (expression -> RADTODEG LEFTPAR expression RIGHTPAR .)
    MINUS           reduce using rule 14 (expression -> RADTODEG LEFTPAR expression RIGHTPAR .)
    CALCULATE       reduce using rule 14 (expression -> RADTODEG LEFTPAR expression RIGHTPAR .)
    FACTORIAL       reduce using rule 14 (expression -> RADTODEG LEFTPAR expression RIGHTPAR .)
    SQRT            reduce using rule 14 (expression -> RADTODEG LEFTPAR expression RIGHTPAR .)
    SEN             reduce using rule 14 (expression -> RADTODEG LEFTPAR expression RIGHTPAR .)
    COS             reduce using rule 14 (expression -> RADTODEG LEFTPAR expression RIGHTPAR .)
    AREA            reduce using rule 14 (expression -> RADTODEG LEFTPAR expression RIGHTPAR .)
    RADTODEG        reduce using rule 14 (expression -> RADTODEG LEFTPAR expression RIGHTPAR .)
    INT             reduce using rule 14 (expression -> RADTODEG LEFTPAR expression RIGHTPAR .)
    FLOAT           reduce using rule 14 (expression -> RADTODEG LEFTPAR expression RIGHTPAR .)
    LEFTPAR         reduce using rule 14 (expression -> RADTODEG LEFTPAR expression RIGHTPAR .)
    $end            reduce using rule 14 (expression -> RADTODEG LEFTPAR expression RIGHTPAR .)
    RIGHTPAR        reduce using rule 14 (expression -> RADTODEG LEFTPAR expression RIGHTPAR .)
    RIGHTBRA        reduce using rule 14 (expression -> RADTODEG LEFTPAR expression RIGHTPAR .)
    COMA            reduce using rule 14 (expression -> RADTODEG LEFTPAR expression RIGHTPAR .)


state 48

    (4) expression -> CALCULATE LEFTBRA expression RIGHTBRA FIN .

    MULTIPLY        reduce using rule 4 (expression -> CALCULATE LEFTBRA expression RIGHTBRA FIN .)
    DIVIDE          reduce using rule 4 (expression -> CALCULATE LEFTBRA expression RIGHTBRA FIN .)
    PLUS            reduce using rule 4 (expression -> CALCULATE LEFTBRA expression RIGHTBRA FIN .)
    MINUS           reduce using rule 4 (expression -> CALCULATE LEFTBRA expression RIGHTBRA FIN .)
    CALCULATE       reduce using rule 4 (expression -> CALCULATE LEFTBRA expression RIGHTBRA FIN .)
    FACTORIAL       reduce using rule 4 (expression -> CALCULATE LEFTBRA expression RIGHTBRA FIN .)
    SQRT            reduce using rule 4 (expression -> CALCULATE LEFTBRA expression RIGHTBRA FIN .)
    SEN             reduce using rule 4 (expression -> CALCULATE LEFTBRA expression RIGHTBRA FIN .)
    COS             reduce using rule 4 (expression -> CALCULATE LEFTBRA expression RIGHTBRA FIN .)
    AREA            reduce using rule 4 (expression -> CALCULATE LEFTBRA expression RIGHTBRA FIN .)
    RADTODEG        reduce using rule 4 (expression -> CALCULATE LEFTBRA expression RIGHTBRA FIN .)
    INT             reduce using rule 4 (expression -> CALCULATE LEFTBRA expression RIGHTBRA FIN .)
    FLOAT           reduce using rule 4 (expression -> CALCULATE LEFTBRA expression RIGHTBRA FIN .)
    LEFTPAR         reduce using rule 4 (expression -> CALCULATE LEFTBRA expression RIGHTBRA FIN .)
    $end            reduce using rule 4 (expression -> CALCULATE LEFTBRA expression RIGHTBRA FIN .)
    RIGHTPAR        reduce using rule 4 (expression -> CALCULATE LEFTBRA expression RIGHTBRA FIN .)
    RIGHTBRA        reduce using rule 4 (expression -> CALCULATE LEFTBRA expression RIGHTBRA FIN .)
    COMA            reduce using rule 4 (expression -> CALCULATE LEFTBRA expression RIGHTBRA FIN .)


state 49

    (13) expression -> AREA LEFTPAR expression COMA expression . RIGHTPAR
    (5) expression -> expression . MULTIPLY expression
    (6) expression -> expression . DIVIDE expression
    (7) expression -> expression . PLUS expression
    (8) expression -> expression . MINUS expression

    RIGHTPAR        shift and go to state 50
    MULTIPLY        shift and go to state 16
    DIVIDE          shift and go to state 17
    PLUS            shift and go to state 18
    MINUS           shift and go to state 34


state 50

    (13) expression -> AREA LEFTPAR expression COMA expression RIGHTPAR .

    MULTIPLY        reduce using rule 13 (expression -> AREA LEFTPAR expression COMA expression RIGHTPAR .)
    DIVIDE          reduce using rule 13 (expression -> AREA LEFTPAR expression COMA expression RIGHTPAR .)
    PLUS            reduce using rule 13 (expression -> AREA LEFTPAR expression COMA expression RIGHTPAR .)
    MINUS           reduce using rule 13 (expression -> AREA LEFTPAR expression COMA expression RIGHTPAR .)
    CALCULATE       reduce using rule 13 (expression -> AREA LEFTPAR expression COMA expression RIGHTPAR .)
    FACTORIAL       reduce using rule 13 (expression -> AREA LEFTPAR expression COMA expression RIGHTPAR .)
    SQRT            reduce using rule 13 (expression -> AREA LEFTPAR expression COMA expression RIGHTPAR .)
    SEN             reduce using rule 13 (expression -> AREA LEFTPAR expression COMA expression RIGHTPAR .)
    COS             reduce using rule 13 (expression -> AREA LEFTPAR expression COMA expression RIGHTPAR .)
    AREA            reduce using rule 13 (expression -> AREA LEFTPAR expression COMA expression RIGHTPAR .)
    RADTODEG        reduce using rule 13 (expression -> AREA LEFTPAR expression COMA expression RIGHTPAR .)
    INT             reduce using rule 13 (expression -> AREA LEFTPAR expression COMA expression RIGHTPAR .)
    FLOAT           reduce using rule 13 (expression -> AREA LEFTPAR expression COMA expression RIGHTPAR .)
    LEFTPAR         reduce using rule 13 (expression -> AREA LEFTPAR expression COMA expression RIGHTPAR .)
    $end            reduce using rule 13 (expression -> AREA LEFTPAR expression COMA expression RIGHTPAR .)
    RIGHTPAR        reduce using rule 13 (expression -> AREA LEFTPAR expression COMA expression RIGHTPAR .)
    RIGHTBRA        reduce using rule 13 (expression -> AREA LEFTPAR expression COMA expression RIGHTPAR .)
    COMA            reduce using rule 13 (expression -> AREA LEFTPAR expression COMA expression RIGHTPAR .)

WARNING: 
WARNING: Conflicts:
WARNING: 
WARNING: reduce/reduce conflict in state 2 resolved using rule (expressions -> expression)
WARNING: rejected rule (empty -> <empty>) in state 2
WARNING: reduce/reduce conflict in state 32 resolved using rule (expression -> expression MINUS expression)
WARNING: rejected rule (expression -> MINUS expression) in state 32
